<?xml version="1.0" encoding="UTF-8"?>
<!-- Generated by org.testng.reporters.JUnitReportReporter -->
<testsuite hostname="RSIPLM2" failures="0" tests="2" name="Testcases.ContactUsTestcase" time="12.681" errors="0" timestamp="2025-07-24T15:10:37 IST" skipped="0">
  <testcase classname="Testcases.ContactUsTestcase" name="setValues" time="10.287"/>
  <testcase classname="Testcases.ContactUsTestcase" name="verifyConfirmationMessage" time="2.394"/>
</testsuite> <!-- Testcases.ContactUsTestcase -->
