<?xml version="1.0" encoding="UTF-8"?>
<!-- Generated by org.testng.reporters.JUnitReportReporter -->
<testsuite hostname="RSIPLM2" failures="0" tests="3" name="Testcases.BookingTestCase" time="18.078" errors="0" timestamp="2025-07-24T17:33:03 IST" skipped="0">
  <testcase classname="Testcases.BookingTestCase" name="setFormValues" time="8.084"/>
  <testcase classname="Testcases.BookingTestCase" name="clickSubmit" time="0.490"/>
  <testcase classname="Testcases.BookingTestCase" name="verifyConfirmationMessage" time="9.504"/>
</testsuite> <!-- Testcases.BookingTestCase -->
