<?xml version="1.0" encoding="UTF-8"?>
<!-- Generated by org.testng.reporters.JUnitReportReporter -->
<testsuite hostname="RSIPLM2" failures="0" tests="3" name="testrunner.TestRunner2" time="53.754" errors="0" timestamp="2025-07-24T21:41:16 IST" skipped="0">
  <testcase classname="testrunner.TestRunner2" name="runScenario" time="17.670"/>
  <testcase classname="testrunner.TestRunner2" name="runScenario" time="13.320"/>
  <testcase classname="testrunner.TestRunner2" name="runScenario" time="22.764"/>
</testsuite> <!-- testrunner.TestRunner2 -->
