<?xml version="1.0" encoding="UTF-8"?>
<!-- Generated by org.testng.reporters.JUnitReportReporter -->
<testsuite hostname="RSIPLM2" failures="2" tests="10" name="testrunner.TestRunner" time="200.876" errors="0" timestamp="2025-07-25T11:14:08 IST" skipped="0">
  <testcase classname="testrunner.TestRunner" name="runScenario" time="13.710"/>
  <testcase classname="testrunner.TestRunner" name="runScenario" time="17.036"/>
  <testcase classname="testrunner.TestRunner" name="runScenario" time="12.605"/>
  <testcase classname="testrunner.TestRunner" name="runScenario" time="23.240"/>
  <testcase classname="testrunner.TestRunner" name="runScenario" time="31.428"/>
  <testcase classname="testrunner.TestRunner" name="runScenario" time="20.308"/>
  <testcase classname="testrunner.TestRunner" name="runScenario" time="20.201"/>
  <testcase classname="testrunner.TestRunner" name="runScenario" time="20.588"/>
  <testcase classname="testrunner.TestRunner" name="runScenario" time="22.424">
    <failure message="Expected error message not displayed expected [true] but found [false]" type="java.lang.AssertionError">
      <![CDATA[java.lang.AssertionError: Expected error message not displayed expected [true] but found [false]
at org.testng.Assert.fail(Assert.java:111)
at org.testng.Assert.failNotEquals(Assert.java:1590)
at org.testng.Assert.assertTrue(Assert.java:57)
at Stepdefinitions.BookingFeatureSteps.validation_error_guest_should_be_shown(BookingFeatureSteps.java:156)
at ✽.validation error "Guest count must be at least 1" for guest should be shown(file:///C:/Users/LENOVO/eclipse-workspace/EventManagementSystem/src/test/resources/features/Booking.feature:38)
]]>
    </failure>
  </testcase> <!-- runScenario -->
  <testcase classname="testrunner.TestRunner" name="runScenario" time="19.336">
    <failure message="Expected error message not displayed expected [true] but found [false]" type="java.lang.AssertionError">
      <![CDATA[java.lang.AssertionError: Expected error message not displayed expected [true] but found [false]
at org.testng.Assert.fail(Assert.java:111)
at org.testng.Assert.failNotEquals(Assert.java:1590)
at org.testng.Assert.assertTrue(Assert.java:57)
at Stepdefinitions.BookingFeatureSteps.validation_error_email_should_be_shown(BookingFeatureSteps.java:122)
at ✽.validation error "Invalid email address" for email id should be shown(file:///C:/Users/LENOVO/eclipse-workspace/EventManagementSystem/src/test/resources/features/Booking.feature:30)
]]>
    </failure>
  </testcase> <!-- runScenario -->
</testsuite> <!-- testrunner.TestRunner -->
